<?xml version="1.0" encoding="UTF-8"?>
<!-- Generated by org.testng.reporters.JUnitReportReporter -->
<testsuite skipped="0" hostname="DESKTOP-ASB5QBL" name="grid.GridEg" tests="2" failures="0" timestamp="22 Feb 2024 01:44:01 GMT" time="133.963" errors="0">
  <testcase name="grid" time="64.204" classname="grid.GridEg"/>
  <testcase name="grid" time="69.759" classname="grid.GridEg"/>
</testsuite> <!-- grid.GridEg -->
