<?xml version="1.0" encoding="UTF-8"?>
<!-- Generated by org.testng.reporters.JUnitReportReporter -->
<testsuite skipped="0" hostname="DESKTOP-ASB5QBL" name="testNG.PrimusBankEg" tests="1" failures="0" timestamp="14 Feb 2024 01:16:33 GMT" time="4.153" errors="0">
  <testcase name="prBranch" time="4.153" classname="testNG.PrimusBankEg"/>
</testsuite> <!-- testNG.PrimusBankEg -->
