<?xml version="1.0" encoding="UTF-8"?>
<!-- Generated by org.testng.reporters.JUnitReportReporter -->
<testsuite skipped="0" hostname="DESKTOP-ASB5QBL" name="testNG.EmpReg_TestNG" tests="4" failures="0" timestamp="16 Feb 2024 01:31:49 GMT" time="89.302" errors="0">
  <testcase name="orgEmpReg" time="22.292" classname="testNG.EmpReg_TestNG"/>
  <testcase name="orgEmpReg" time="22.715" classname="testNG.EmpReg_TestNG"/>
  <testcase name="orgEmpReg" time="22.151" classname="testNG.EmpReg_TestNG"/>
  <testcase name="orgEmpReg" time="22.144" classname="testNG.EmpReg_TestNG"/>
</testsuite> <!-- testNG.EmpReg_TestNG -->
