<?xml version="1.0" encoding="UTF-8"?>
<!-- Generated by org.testng.reporters.JUnitReportReporter -->
<testsuite skipped="0" hostname="DESKTOP-ASB5QBL" name="pom.LoginTest" tests="1" failures="0" timestamp="22 Feb 2024 01:02:11 GMT" time="32.310" errors="0">
  <testcase name="login" time="32.310" classname="pom.LoginTest"/>
</testsuite> <!-- pom.LoginTest -->
