<?xml version="1.0" encoding="UTF-8"?>
<!-- Generated by org.testng.reporters.JUnitReportReporter -->
<testsuite skipped="0" hostname="DESKTOP-ASB5QBL" name="testNG.TestNGAnnotationsEg" tests="4" failures="0" timestamp="14 Feb 2024 01:00:46 GMT" time="0.097" errors="0">
  <testcase name="Function1" time="0.038" classname="testNG.TestNGAnnotationsEg"/>
  <testcase name="Function2" time="0.019" classname="testNG.TestNGAnnotationsEg"/>
  <testcase name="Function3" time="0.022" classname="testNG.TestNGAnnotationsEg"/>
  <testcase name="Apple" time="0.018" classname="testNG.TestNGAnnotationsEg"/>
</testsuite> <!-- testNG.TestNGAnnotationsEg -->
