<?xml version="1.0" encoding="UTF-8"?>
<!-- Generated by org.testng.reporters.JUnitReportReporter -->
<testsuite skipped="0" hostname="DESKTOP-ASB5QBL" name="testNG.UserReg_TestNG" tests="1" failures="0" timestamp="16 Feb 2024 01:16:07 GMT" time="33.869" errors="0">
  <testcase name="orgUserReg" time="33.869" classname="testNG.UserReg_TestNG"/>
</testsuite> <!-- testNG.UserReg_TestNG -->
